<?xml version="1.0" encoding="UTF-8"?>
<!-- Generated by org.testng.reporters.JUnitReportReporter -->
<testsuite hostname="SCHCPU0018" failures="0" tests="3" name="Tested.Test1" time="4.102" errors="0" timestamp="2022-03-24T15:55:53 IST" skipped="0">
  <testcase classname="Tested.Test1" name="production" time="1.080"/>
  <system-out/>
  <testcase classname="Tested.Test1" name="Qa" time="1.867"/>
  <system-out/>
  <testcase classname="Tested.Test1" name="Uat" time="1.155"/>
  <system-out/>
</testsuite> <!-- Tested.Test1 -->
